nohup: ignoring input
[1] "All packages are loaded"
Reading layer `I610Allneighbors' from data source 
  `/home/chunwu.zhu/CodeInServer/NewData/A01/I610Allneighbors.shp' 
  using driver `ESRI Shapefile'
Simple feature collection with 20256 features and 40 fields
Geometry type: MULTIPOLYGON
Dimension:     XY
Bounding box:  xmin: -95.4607 ymin: 29.67755 xmax: -95.2552 ymax: 29.81437
Geodetic CRS:  WGS 84
Setting up the model.

Markov chain 1 - generating 29000 post burnin and thinned samples.

  |                                                                            
  |                                                                      |   0%
  |                                                                            
  |=                                                                     |   1%
  |                                                                            
  |=                                                                     |   2%
  |                                                                            
  |==                                                                    |   3%
  |                                                                            
  |===                                                                   |   4%
  |                                                                            
  |====                                                                  |   5%
  |                                                                            
  |====                                                                  |   6%
  |                                                                            
  |=====                                                                 |   7%
  |                                                                            
  |======                                                                |   8%
  |                                                                            
  |======                                                                |   9%
  |                                                                            
  |=======                                                               |  10%
  |                                                                            
  |========                                                              |  11%
  |                                                                            
  |========                                                              |  12%
  |                                                                            
  |=========                                                             |  13%
  |                                                                            
  |==========                                                            |  14%
  |                                                                            
  |==========                                                            |  15%
  |                                                                            
  |===========                                                           |  16%
  |                                                                            
  |============                                                          |  17%
  |                                                                            
  |=============                                                         |  18%
  |                                                                            
  |=============                                                         |  19%
  |                                                                            
  |==============                                                        |  20%
  |                                                                            
  |===============                                                       |  21%
  |                                                                            
  |===============                                                       |  22%
  |                                                                            
  |================                                                      |  23%
  |                                                                            
  |=================                                                     |  24%
  |                                                                            
  |==================                                                    |  25%
  |                                                                            
  |==================                                                    |  26%
  |                                                                            
  |===================                                                   |  27%
  |                                                                            
  |====================                                                  |  28%
  |                                                                            
  |====================                                                  |  29%
  |                                                                            
  |=====================                                                 |  30%
  |                                                                            
  |======================                                                |  31%
  |                                                                            
  |======================                                                |  32%
  |                                                                            
  |=======================                                               |  33%
  |                                                                            
  |========================                                              |  34%
  |                                                                            
  |========================                                              |  35%
  |                                                                            
  |=========================                                             |  36%
  |                                                                            
  |==========================                                            |  37%
  |                                                                            
  |===========================                                           |  38%
  |                                                                            
  |===========================                                           |  39%
  |                                                                            
  |============================                                          |  40%
  |                                                                            
  |=============================                                         |  41%
  |                                                                            
  |=============================                                         |  42%
  |                                                                            
  |==============================                                        |  43%
  |                                                                            
  |===============================                                       |  44%
  |                                                                            
  |================================                                      |  45%
  |                                                                            
  |================================                                      |  46%
  |                                                                            
  |=================================                                     |  47%
  |                                                                            
  |==================================                                    |  48%
  |                                                                            
  |==================================                                    |  49%
  |                                                                            
  |===================================                                   |  50%
  |                                                                            
  |====================================                                  |  51%
  |                                                                            
  |====================================                                  |  52%
  |                                                                            
  |=====================================                                 |  53%
  |                                                                            
  |======================================                                |  54%
  |                                                                            
  |======================================                                |  55%
  |                                                                            
  |=======================================                               |  56%
  |                                                                            
  |========================================                              |  57%
  |                                                                            
  |=========================================                             |  58%
  |                                                                            
  |=========================================                             |  59%
  |                                                                            
  |==========================================                            |  60%
  |                                                                            
  |===========================================                           |  61%
  |                                                                            
  |===========================================                           |  62%
  |                                                                            
  |============================================                          |  63%
  |                                                                            
  |=============================================                         |  64%
  |                                                                            
  |==============================================                        |  65%
  |                                                                            
  |==============================================                        |  66%
  |                                                                            
  |===============================================                       |  67%
  |                                                                            
  |================================================                      |  68%
  |                                                                            
  |================================================                      |  69%
  |                                                                            
  |=================================================                     |  70%
  |                                                                            
  |==================================================                    |  71%
  |                                                                            
  |==================================================                    |  72%
  |                                                                            
  |===================================================                   |  73%
  |                                                                            
  |====================================================                  |  74%
  |                                                                            
  |====================================================                  |  75%
  |                                                                            
  |=====================================================                 |  76%
  |                                                                            
  |======================================================                |  77%
  |                                                                            
  |=======================================================               |  78%
  |                                                                            
  |=======================================================               |  79%
  |                                                                            
  |========================================================              |  80%
  |                                                                            
  |=========================================================             |  81%
  |                                                                            
  |=========================================================             |  82%
  |                                                                            
  |==========================================================            |  83%
  |                                                                            
  |===========================================================           |  84%
  |                                                                            
  |============================================================          |  85%
  |                                                                            
  |============================================================          |  86%
  |                                                                            
  |=============================================================         |  87%
  |                                                                            
  |==============================================================        |  88%
  |                                                                            
  |==============================================================        |  89%
  |                                                                            
  |===============================================================       |  90%
  |                                                                            
  |================================================================      |  91%
  |                                                                            
  |================================================================      |  92%
  |                                                                            
  |=================================================================     |  93%
  |                                                                            
  |==================================================================    |  94%
  |                                                                            
  |==================================================================    |  95%
  |                                                                            
  |===================================================================   |  96%
  |                                                                            
  |====================================================================  |  97%
  |                                                                            
  |===================================================================== |  98%
  |                                                                            
  |===================================================================== |  99%
  |                                                                            
  |======================================================================| 100%

Summarising results.
Finished in  209658 seconds.

#################
#### Model fitted
#################
Likelihood model - Poisson (log link function) 
Random effects model - Leroux MCAR
Regression equation - Y ~ TreeDen + FunClass + SPDLimit + Med + Oneway + DVMT + TruckPct + 
    PAge18 + PAge65 + PMale + PBlack + PHispanic + MHI + PNoVeh + 
    PEduBach + PRes + PCom + PInd + PedExpRaw + BikeExpRaw


#################
#### MCMC details
#################
Total number of post burnin and thinned MCMC samples generated - 29000
Number of MCMC chains used - 1
Length of the burnin period used for each chain - 1000
Amount of thinning used - 1

############
#### Results
############
Posterior quantities and DIC

                           Mean    2.5%   97.5% n.effective Geweke.diag
CarCrash - (Intercept)   0.5340 -0.5882  1.6666        16.6         2.2
CarCrash - TreeDen      -0.0090 -0.0103 -0.0078       332.9        -0.2
CarCrash - FunClass     -0.8148 -0.8998 -0.7225        41.3        -1.6
CarCrash - SPDLimit      0.0062 -0.0049  0.0178       232.4         0.1
CarCrash - Med           0.4305  0.1274  0.7167         5.6        -2.0
CarCrash - Oneway        0.1357  0.0214  0.2241        28.6        -0.5
CarCrash - DVMT          0.0000  0.0000  0.0000        97.8        -1.4
CarCrash - TruckPct      0.0256  0.0114  0.0405       206.1        -2.1
CarCrash - PAge18       -0.0456 -0.0641 -0.0144         5.0        -0.4
CarCrash - PAge65        0.0040 -0.0269  0.0232        16.4        -1.1
CarCrash - PMale        -0.0094 -0.0477  0.0292         8.6         0.9
CarCrash - PBlack        0.0017 -0.0036  0.0072        16.4        -3.0
CarCrash - PHispanic    -0.0001 -0.0095  0.0090         5.4        -0.7
CarCrash - MHI           0.0000  0.0000  0.0000         9.2        -0.3
CarCrash - PNoVeh        0.0168 -0.0345  0.0723        32.7        -0.1
CarCrash - PEduBach      0.0001 -0.0108  0.0092         6.2        -1.2
CarCrash - PRes         -0.0010 -0.0018 -0.0003       443.2        -0.5
CarCrash - PCom         -0.0010 -0.0026  0.0006       456.0        -0.1
CarCrash - PInd         -0.0035 -0.0171  0.0100       324.3        -1.1
CarCrash - PedExpRaw     0.0000  0.0000  0.0001       459.6         1.4
CarCrash - BikeExpRaw    0.0000  0.0000  0.0001       294.8         0.8
PedCrash - (Intercept)   2.9200  1.5776  4.3386       248.5        -1.8
PedCrash - TreeDen      -0.0129 -0.0163 -0.0095      2056.0         0.9
PedCrash - FunClass     -0.8864 -1.0571 -0.7170       411.6        -4.0
PedCrash - SPDLimit     -0.0383 -0.0737 -0.0050      2599.4        -1.3
PedCrash - Med          -0.9433 -1.8407 -0.1719        18.2         0.5
PedCrash - Oneway       -0.7389 -0.9208 -0.5510       291.3         1.2
PedCrash - DVMT          0.0000  0.0000  0.0000       891.1        -4.2
PedCrash - TruckPct     -0.0171 -0.0606  0.0207      2255.1        -2.4
PedCrash - PAge18       -0.0511 -0.0738 -0.0267       241.7        -0.2
PedCrash - PAge65       -0.0160 -0.0401  0.0079       560.9        -0.7
PedCrash - PMale         0.0246 -0.0162  0.0632       300.0         1.0
PedCrash - PBlack       -0.0163 -0.0247 -0.0084       113.0         1.1
PedCrash - PHispanic    -0.0261 -0.0358 -0.0170        94.4         1.6
PedCrash - MHI           0.0000  0.0000  0.0000       433.9        -0.9
PedCrash - PNoVeh        0.0495 -0.0138  0.1087       987.4        -0.2
PedCrash - PEduBach     -0.0154 -0.0244 -0.0067       113.4         1.7
PedCrash - PRes         -0.0032 -0.0051 -0.0014      3116.9         0.5
PedCrash - PCom         -0.0022 -0.0064  0.0018      3499.3        -1.8
PedCrash - PInd          0.0058 -0.0185  0.0229      3849.7        -1.9
PedCrash - PedExpRaw     0.0001  0.0001  0.0002      7588.9        -0.4
PedCrash - BikeExpRaw    0.0000  0.0000  0.0000      4168.0        -1.7
BikeCrash - (Intercept) -0.0121 -1.9681  2.0152       344.5        -5.8
BikeCrash - TreeDen     -0.0060 -0.0111 -0.0011      1063.3         2.1
BikeCrash - FunClass    -0.8703 -1.1252 -0.6088       200.4        -1.0
BikeCrash - SPDLimit    -0.0304 -0.0842  0.0180      1713.5        -1.4
BikeCrash - Med         -1.9322 -4.1446 -0.6878         5.3         0.3
BikeCrash - Oneway      -0.1235 -0.4319  0.1964       106.8        -1.3
BikeCrash - DVMT         0.0000  0.0000  0.0000       619.4        -0.3
BikeCrash - TruckPct     0.0141 -0.0408  0.0593      1659.2        -0.2
BikeCrash - PAge18      -0.0334 -0.0667 -0.0009       137.7        -1.9
BikeCrash - PAge65      -0.0031 -0.0386  0.0319       379.5        -1.9
BikeCrash - PMale       -0.0070 -0.0692  0.0527       128.6         2.1
BikeCrash - PBlack      -0.0053 -0.0175  0.0057        56.4         4.5
BikeCrash - PHispanic   -0.0188 -0.0333 -0.0057        59.2         4.2
BikeCrash - MHI          0.0000  0.0000  0.0000       209.1         0.5
BikeCrash - PNoVeh       0.0185 -0.0744  0.1099       479.2         1.2
BikeCrash - PEduBach     0.0010 -0.0130  0.0148        65.7         4.3
BikeCrash - PRes        -0.0034 -0.0062 -0.0006      1474.0         0.1
BikeCrash - PCom        -0.0060 -0.0136  0.0009      1260.0        -0.4
BikeCrash - PInd         0.0000 -0.0417  0.0257      1362.9         0.6
BikeCrash - PedExpRaw    0.0001  0.0000  0.0001      3937.8         0.9
BikeCrash - BikeExpRaw   0.0000  0.0000  0.0000      2949.9         1.1
Sigma11                  3.1971  3.0565  3.3416       479.1         1.0
Sigma22                  0.0403  0.0385  0.0421       477.7         0.1
Sigma33                  0.0066  0.0062  0.0069       184.0       -15.6
rho                      1.0000  0.9999  1.0000        28.5        -2.8

DIC =  56343.32       p.d =  6104.761       LMPL =  -29740.35 
          DIC           p.d          WAIC           p.w          LMPL 
    56343.315      6104.761     56154.607      4580.517    -29740.355 
loglikelihood 
   -22066.896 
Error in saveRDS(MultiModel, file = "/home/chunwu.zhu/CodeInServer/NewData/A01/MultiModel.rds") : 
  error writing to connection
Execution halted
